Environment variables:
  - =::=::\
  - =D:=D:\Users\bingV\eclipse-workspace\commons-encoding
  - =E:=E:\
  - ALLUSERSPROFILE=C:\ProgramData
  - APPDATA=C:\Users\bingV\AppData\Roaming
  - CATALINA_HOME=D:\apache-tomcat-8.0.32
  - CLASSPATH=.;C:\Program Files\Java\jdk1.8.0_91\lib;C:\Program Files\Java\jdk1.8.0_91\lib\tools.jar
  - COMPUTERNAME=BINCOOL
  - ComSpec=C:\Windows\system32\cmd.exe
  - CommonProgramFiles=C:\Program Files\Common Files
  - CommonProgramFiles(x86)=C:\Program Files (x86)\Common Files
  - CommonProgramW6432=C:\Program Files\Common Files
  - ERROR_CODE=0
  - FP_NO_HOST_CHECK=NO
  - GOPATH=E:\study\go
  - GOROOT=D:\Go\
  - HOMEDRIVE=C:
  - HOMEPATH=\Users\bingV
  - JAVA_EXEC="D:\Program Files\sonar-scanner-3.2.0.1227-windows\bin\..\jre\bin\java.exe"
  - JAVA_HOME=D:\Program Files\sonar-scanner-3.2.0.1227-windows\bin\..\jre
  - LANG=zh_CN
  - LOCALAPPDATA=C:\Users\bingV\AppData\Local
  - LOGONSERVER=\\BINCOOL
  - MAVEN_HOME=D:\eclipse\apache-maven-3.3.9
  - MAVEN_OPTS=-Xms128m -Xmx512m
  - MYSQL_HOME=C:\Program Files\MySQL\mysql-5.7.23-winx64
  - NUMBER_OF_PROCESSORS=4
  - OS=Windows_NT
  - PATHEXT=.COM;.EXE;.BAT;.CMD;.VBS;.VBE;.JS;.JSE;.WSF;.WSH;.MSC;.RB;.RBW
  - PROCESSOR_ARCHITECTURE=AMD64
  - PROCESSOR_IDENTIFIER=Intel64 Family 6 Model 60 Stepping 3, GenuineIntel
  - PROCESSOR_LEVEL=6
  - PROCESSOR_REVISION=3c03
  - PROJECT_HOME=D:\Users\bingV\eclipse-workspace\commons-encoding
  - PROMPT=$P$G
  - PSModulePath=C:\Windows\system32\WindowsPowerShell\v1.0\Modules\
  - PUBLIC=C:\Users\Public
  - Path=C:/Program Files/Java/jre1.8.0_91/bin/server;C:/Program Files/Java/jre1.8.0_91/bin;C:/Program Files/Java/jre1.8.0_91/lib/amd64;C:\ProgramData\Oracle\Java\javapath;C:\Program Files (x86)\NVIDIA Corporation\PhysX\Common;C:\Program Files (x86)\Intel\iCLS Client\;C:\Program Files\Intel\iCLS Client\;C:\Windows\system32;C:\Windows;C:\Windows\System32\Wbem;C:\Windows\System32\WindowsPowerShell\v1.0\;C:\Program Files (x86)\Windows Live\Shared;C:\Program Files\Intel\Intel(R) Management Engine Components\DAL;C:\Program Files\Intel\Intel(R) Management Engine Components\IPT;C:\Program Files (x86)\Intel\Intel(R) Management Engine Components\DAL;C:\Program Files (x86)\Intel\Intel(R) Management Engine Components\IPT;C:\Program Files\Java\jdk1.8.0_91\bin;C:\Program Files\Java\jdk1.8.0_91\jre\bin;D:\Python27;D:\Python27\Scripts\;D:\Python27\Lib\site-packages\Django-1.8.4-py2.7.egg\django\bin;D:\eclipse\apache-maven-3.3.9\bin;D:\apache-tomcat-8.0.32\bin;C:\Program Files\TortoiseSVN\bin;D:\Program Files\nodejs\;E:\study\python\doc\phantomjs-2.1.1-windows\bin;D:\Program Files\Git\cmd;D:\Go\bin;D:\Program Files (x86)\Vim\vim80;D:\Ruby24\bin;C:\Users\bingV\AppData\Roaming\npm;D:\Program Files\sonarqube-7.2.1\bin;C:\Program Files\MySQL\mysql-5.7.23-winx64\bin;D:\Program Files\sonar-scanner-3.2.0.1227-windows\bin;;C:\Users\bingV\Desktop;
  - ProgramData=C:\ProgramData
  - ProgramFiles=C:\Program Files
  - ProgramFiles(x86)=C:\Program Files (x86)
  - ProgramW6432=C:\Program Files
  - SESSIONNAME=Console
  - SONAR_HOME=D:\Program Files\sonarqube-7.2.1
  - SONAR_SCANNER_HOME=D:\Program Files\sonar-scanner-3.2.0.1227-windows\bin\..
  - SystemDrive=C:
  - SystemRoot=C:\Windows
  - TEMP=C:\Users\bingV\AppData\Local\Temp
  - TMP=C:\Users\bingV\AppData\Local\Temp
  - TOMCAT_HOME=D:\apache-tomcat-8.0.32
  - USERDOMAIN=bincool
  - USERDOMAIN_ROAMINGPROFILE=bincool
  - USERNAME=bingV
  - USERPROFILE=C:\Users\bingV
  - configsetroot=C:\Windows\ConfigSetRoot
  - scriptdir=D:\Program Files\sonar-scanner-3.2.0.1227-windows\bin
  - use_embedded_jre=true
  - windir=C:\Windows
System properties:
  - awt.toolkit=sun.awt.windows.WToolkit
  - file.encoding=GBK
  - file.encoding.pkg=sun.io
  - file.separator=\
  - java.awt.graphicsenv=sun.awt.Win32GraphicsEnvironment
  - java.awt.headless=true
  - java.awt.printerjob=sun.awt.windows.WPrinterJob
  - java.class.path=D:\Program Files\sonar-scanner-3.2.0.1227-windows\bin\..\lib\sonar-scanner-cli-3.2.0.1227.jar
  - java.class.version=52.0
  - java.endorsed.dirs=D:\Program Files\sonar-scanner-3.2.0.1227-windows\jre\lib\endorsed
  - java.ext.dirs=D:\Program Files\sonar-scanner-3.2.0.1227-windows\jre\lib\ext;C:\Windows\Sun\Java\lib\ext
  - java.home=D:\Program Files\sonar-scanner-3.2.0.1227-windows\jre
  - java.io.tmpdir=C:\Users\bingV\AppData\Local\Temp\
  - java.library.path=D:\Program Files\sonar-scanner-3.2.0.1227-windows\jre\bin;C:\Windows\Sun\Java\bin;C:\Windows\system32;C:\Windows;C:/Program Files/Java/jre1.8.0_91/bin/server;C:/Program Files/Java/jre1.8.0_91/bin;C:/Program Files/Java/jre1.8.0_91/lib/amd64;C:\ProgramData\Oracle\Java\javapath;C:\Program Files (x86)\NVIDIA Corporation\PhysX\Common;C:\Program Files (x86)\Intel\iCLS Client\;C:\Program Files\Intel\iCLS Client\;C:\Windows\system32;C:\Windows;C:\Windows\System32\Wbem;C:\Windows\System32\WindowsPowerShell\v1.0\;C:\Program Files (x86)\Windows Live\Shared;C:\Program Files\Intel\Intel(R) Management Engine Components\DAL;C:\Program Files\Intel\Intel(R) Management Engine Components\IPT;C:\Program Files (x86)\Intel\Intel(R) Management Engine Components\DAL;C:\Program Files (x86)\Intel\Intel(R) Management Engine Components\IPT;C:\Program Files\Java\jdk1.8.0_91\bin;C:\Program Files\Java\jdk1.8.0_91\jre\bin;D:\Python27;D:\Python27\Scripts\;D:\Python27\Lib\site-packages\Django-1.8.4-py2.7.egg\django\bin;D:\eclipse\apache-maven-3.3.9\bin;D:\apache-tomcat-8.0.32\bin;C:\Program Files\TortoiseSVN\bin;D:\Program Files\nodejs\;E:\study\python\doc\phantomjs-2.1.1-windows\bin;D:\Program Files\Git\cmd;D:\Go\bin;D:\Program Files (x86)\Vim\vim80;D:\Ruby24\bin;C:\Users\bingV\AppData\Roaming\npm;D:\Program Files\sonarqube-7.2.1\bin;C:\Program Files\MySQL\mysql-5.7.23-winx64\bin;D:\Program Files\sonar-scanner-3.2.0.1227-windows\bin;;C:\Users\bingV\Desktop;;.
  - java.runtime.name=Java(TM) SE Runtime Environment
  - java.runtime.version=1.8.0_121-b13
  - java.specification.name=Java Platform API Specification
  - java.specification.vendor=Oracle Corporation
  - java.specification.version=1.8
  - java.vendor=Oracle Corporation
  - java.vendor.url=http://java.oracle.com/
  - java.vendor.url.bug=http://bugreport.sun.com/bugreport/
  - java.version=1.8.0_121
  - java.vm.info=mixed mode
  - java.vm.name=Java HotSpot(TM) 64-Bit Server VM
  - java.vm.specification.name=Java Virtual Machine Specification
  - java.vm.specification.vendor=Oracle Corporation
  - java.vm.specification.version=1.8
  - java.vm.vendor=Oracle Corporation
  - java.vm.version=25.121-b13
  - line.separator=

  - os.arch=amd64
  - os.name=Windows 8
  - os.version=6.2
  - path.separator=;
  - project.home=D:\Users\bingV\eclipse-workspace\commons-encoding
  - scanner.home=D:\Program Files\sonar-scanner-3.2.0.1227-windows\bin\..
  - sun.arch.data.model=64
  - sun.boot.class.path=D:\Program Files\sonar-scanner-3.2.0.1227-windows\jre\lib\resources.jar;D:\Program Files\sonar-scanner-3.2.0.1227-windows\jre\lib\rt.jar;D:\Program Files\sonar-scanner-3.2.0.1227-windows\jre\lib\sunrsasign.jar;D:\Program Files\sonar-scanner-3.2.0.1227-windows\jre\lib\jsse.jar;D:\Program Files\sonar-scanner-3.2.0.1227-windows\jre\lib\jce.jar;D:\Program Files\sonar-scanner-3.2.0.1227-windows\jre\lib\charsets.jar;D:\Program Files\sonar-scanner-3.2.0.1227-windows\jre\lib\jfr.jar;D:\Program Files\sonar-scanner-3.2.0.1227-windows\jre\classes
  - sun.boot.library.path=D:\Program Files\sonar-scanner-3.2.0.1227-windows\jre\bin
  - sun.cpu.endian=little
  - sun.cpu.isalist=amd64
  - sun.desktop=windows
  - sun.io.unicode.encoding=UnicodeLittle
  - sun.java.command=org.sonarsource.scanner.cli.Main -X
  - sun.java.launcher=SUN_STANDARD
  - sun.jnu.encoding=GBK
  - sun.management.compiler=HotSpot 64-Bit Tiered Compilers
  - sun.os.patch.level=
  - user.country=CN
  - user.dir=D:\Users\bingV\eclipse-workspace\commons-encoding
  - user.home=C:\Users\bingV
  - user.language=zh
  - user.name=bingV
  - user.script=
  - user.timezone=Asia/Shanghai
  - user.variant=
SonarQube plugins:
  - SonarPython 1.10.0.2131 (python)
  - Chinese Pack 1.22 (l10nzh)
  - SonarGo 1.1.0.1612 (go)
  - Svn 1.7.0.1017 (scmsvn)
  - SonarJS 4.1.0.6085 (javascript)
  - SonarC# 7.2.0.5463 (csharp)
  - SonarJava 5.4.0.14284 (java)
  - LDAP 2.2.0.608 (ldap)
  - Git 1.4.1.1128 (scmgit)
  - SonarFlex 2.4.0.1222 (flex)
  - SonarXML 1.5.1.1452 (xml)
  - SonarPHP 2.13.0.3107 (php)
  - SonarTS 1.7.0.2893 (typescript)
Global properties:
  - sonar.core.id=AWTuNp1lTQZjTipySXyT
  - sonar.core.startTime=2018-08-03T13:38:47+0800
Settings for module: commons-encoding:java-module
  - sonar.binaries=classes
  - sonar.java.binaries=D://Users//bingV//eclipse-workspace//commons-encoding//
  - sonar.language=java
  - sonar.moduleKey=commons-encoding:java-module
  - sonar.projectBaseDir=D:\Users\bingV\eclipse-workspace\commons-encoding\src
  - sonar.projectKey=commons-encoding:java-module
  - sonar.projectName=java-module
  - sonar.sources=.
Settings for module: commons-encoding
  - sonar.host.url=http://localhost:9000/sonar
  - sonar.modules=java-module
  - sonar.projectBaseDir=D:\Users\bingV\eclipse-workspace\commons-encoding
  - sonar.projectKey=commons-encoding
  - sonar.projectName=commons-encoding
  - sonar.projectVersion=1.0.0
  - sonar.scanner.app=ScannerCli
  - sonar.scanner.appVersion=3.2.0.1227
  - sonar.sourceEncoding=GB2312
  - sonar.verbose=true
  - sonar.working.directory=D:\Users\bingV\eclipse-workspace\commons-encoding\.scannerwork
